<?xml version="1.0" encoding="UTF-8"?>
<testsuite name="dev.gutierrez.mockbasics.MockExampleTests" tests="1" skipped="0" failures="0" errors="0" timestamp="2022-08-29T01:46:09" hostname="DESKTOP-JQCH6MN" time="0.357">
  <properties/>
  <testcase name="create_meeting()" classname="dev.gutierrez.mockbasics.MockExampleTests" time="0.357"/>
  <system-out><![CDATA[]]></system-out>
  <system-err><![CDATA[]]></system-err>
</testsuite>
